This file contains any messages produced by compilers while
running configure, to aid debugging if configure makes a mistake.

It was created by KLEE configure 1.2.0, which was
generated by GNU Autoconf 2.69.  Invocation command line was

  $ ./configure LDFLAGS=-L/home/sanghu/TracerX/minisat/build/release/lib/ --with-llvm=/home/sanghu/TracerX/llvm --with-stp=/home/sanghu/TracerX/stp/build --with-uclibc=/home/sanghu/TracerX/klee-uclibc --with-z3=/home/sanghu/TracerX/z3/build --enable-posix-runtime

## --------- ##
## Platform. ##
## --------- ##

hostname = paella2018
uname -m = x86_64
uname -r = 4.15.0-36-generic
uname -s = Linux
uname -v = #39~16.04.1-Ubuntu SMP Tue Sep 25 08:59:23 UTC 2018

/usr/bin/uname -p = unknown
/bin/uname -X     = unknown

/bin/arch              = unknown
/usr/bin/arch -k       = unknown
/usr/convex/getsysinfo = unknown
/usr/bin/hostinfo      = unknown
/bin/machine           = unknown
/usr/bin/oslevel       = unknown
/bin/universe          = unknown

PATH: /home/sanghu/bin
PATH: /home/sanghu/.local/bin
PATH: /home/sanghu/TracerX/llvm/Release/bin
PATH: /opt/jdk-9.0.4/bin
PATH: /usr/local/sbin
PATH: /usr/local/bin
PATH: /usr/sbin
PATH: /usr/bin
PATH: /sbin
PATH: /bin
PATH: /usr/games
PATH: /usr/local/games
PATH: /snap/bin


## ----------- ##
## Core tests. ##
## ----------- ##

configure:2556: checking for gcc
configure:2572: found /usr/bin/gcc
configure:2583: result: gcc
configure:2614: checking for C compiler version
configure:2623: gcc --version >&5
gcc (Ubuntu 5.4.0-6ubuntu1~16.04.10) 5.4.0 20160609
Copyright (C) 2015 Free Software Foundation, Inc.
This is free software; see the source for copying conditions.  There is NO
warranty; not even for MERCHANTABILITY or FITNESS FOR A PARTICULAR PURPOSE.

configure:2634: $? = 0
configure:2623: gcc -v >&5
Using built-in specs.
COLLECT_GCC=gcc
COLLECT_LTO_WRAPPER=/usr/lib/gcc/x86_64-linux-gnu/5/lto-wrapper
Target: x86_64-linux-gnu
Configured with: ../src/configure -v --with-pkgversion='Ubuntu 5.4.0-6ubuntu1~16.04.10' --with-bugurl=file:///usr/share/doc/gcc-5/README.Bugs --enable-languages=c,ada,c++,java,go,d,fortran,objc,obj-c++ --prefix=/usr --program-suffix=-5 --enable-shared --enable-linker-build-id --libexecdir=/usr/lib --without-included-gettext --enable-threads=posix --libdir=/usr/lib --enable-nls --with-sysroot=/ --enable-clocale=gnu --enable-libstdcxx-debug --enable-libstdcxx-time=yes --with-default-libstdcxx-abi=new --enable-gnu-unique-object --disable-vtable-verify --enable-libmpx --enable-plugin --with-system-zlib --disable-browser-plugin --enable-java-awt=gtk --enable-gtk-cairo --with-java-home=/usr/lib/jvm/java-1.5.0-gcj-5-amd64/jre --enable-java-home --with-jvm-root-dir=/usr/lib/jvm/java-1.5.0-gcj-5-amd64 --with-jvm-jar-dir=/usr/lib/jvm-exports/java-1.5.0-gcj-5-amd64 --with-arch-directory=amd64 --with-ecj-jar=/usr/share/java/eclipse-ecj.jar --enable-objc-gc --enable-multiarch --disable-werror --with-arch-32=i686 --with-abi=m64 --with-multilib-list=m32,m64,mx32 --enable-multilib --with-tune=generic --enable-checking=release --build=x86_64-linux-gnu --host=x86_64-linux-gnu --target=x86_64-linux-gnu
Thread model: posix
gcc version 5.4.0 20160609 (Ubuntu 5.4.0-6ubuntu1~16.04.10) 
configure:2634: $? = 0
configure:2623: gcc -V >&5
gcc: error: unrecognized command line option '-V'
gcc: fatal error: no input files
compilation terminated.
configure:2634: $? = 1
configure:2623: gcc -qversion >&5
gcc: error: unrecognized command line option '-qversion'
gcc: fatal error: no input files
compilation terminated.
configure:2634: $? = 1
configure:2654: checking whether the C compiler works
configure:2676: gcc   -L/home/sanghu/TracerX/minisat/build/release/lib/ conftest.c  >&5
configure:2680: $? = 0
configure:2728: result: yes
configure:2731: checking for C compiler default output file name
configure:2733: result: a.out
configure:2739: checking for suffix of executables
configure:2746: gcc -o conftest   -L/home/sanghu/TracerX/minisat/build/release/lib/ conftest.c  >&5
configure:2750: $? = 0
configure:2772: result: 
configure:2794: checking whether we are cross compiling
configure:2802: gcc -o conftest   -L/home/sanghu/TracerX/minisat/build/release/lib/ conftest.c  >&5
configure:2806: $? = 0
configure:2813: ./conftest
configure:2817: $? = 0
configure:2832: result: no
configure:2837: checking for suffix of object files
configure:2859: gcc -c   conftest.c >&5
configure:2863: $? = 0
configure:2884: result: o
configure:2888: checking whether we are using the GNU C compiler
configure:2907: gcc -c   conftest.c >&5
configure:2907: $? = 0
configure:2916: result: yes
configure:2925: checking whether gcc accepts -g
configure:2945: gcc -c -g  conftest.c >&5
configure:2945: $? = 0
configure:2986: result: yes
configure:3003: checking for gcc option to accept ISO C89
configure:3066: gcc  -c -g -O2  conftest.c >&5
configure:3066: $? = 0
configure:3079: result: none needed
configure:3157: checking for g++
configure:3173: found /usr/bin/g++
configure:3184: result: g++
configure:3211: checking for C++ compiler version
configure:3220: g++ --version >&5
g++ (Ubuntu 5.4.0-6ubuntu1~16.04.10) 5.4.0 20160609
Copyright (C) 2015 Free Software Foundation, Inc.
This is free software; see the source for copying conditions.  There is NO
warranty; not even for MERCHANTABILITY or FITNESS FOR A PARTICULAR PURPOSE.

configure:3231: $? = 0
configure:3220: g++ -v >&5
Using built-in specs.
COLLECT_GCC=g++
COLLECT_LTO_WRAPPER=/usr/lib/gcc/x86_64-linux-gnu/5/lto-wrapper
Target: x86_64-linux-gnu
Configured with: ../src/configure -v --with-pkgversion='Ubuntu 5.4.0-6ubuntu1~16.04.10' --with-bugurl=file:///usr/share/doc/gcc-5/README.Bugs --enable-languages=c,ada,c++,java,go,d,fortran,objc,obj-c++ --prefix=/usr --program-suffix=-5 --enable-shared --enable-linker-build-id --libexecdir=/usr/lib --without-included-gettext --enable-threads=posix --libdir=/usr/lib --enable-nls --with-sysroot=/ --enable-clocale=gnu --enable-libstdcxx-debug --enable-libstdcxx-time=yes --with-default-libstdcxx-abi=new --enable-gnu-unique-object --disable-vtable-verify --enable-libmpx --enable-plugin --with-system-zlib --disable-browser-plugin --enable-java-awt=gtk --enable-gtk-cairo --with-java-home=/usr/lib/jvm/java-1.5.0-gcj-5-amd64/jre --enable-java-home --with-jvm-root-dir=/usr/lib/jvm/java-1.5.0-gcj-5-amd64 --with-jvm-jar-dir=/usr/lib/jvm-exports/java-1.5.0-gcj-5-amd64 --with-arch-directory=amd64 --with-ecj-jar=/usr/share/java/eclipse-ecj.jar --enable-objc-gc --enable-multiarch --disable-werror --with-arch-32=i686 --with-abi=m64 --with-multilib-list=m32,m64,mx32 --enable-multilib --with-tune=generic --enable-checking=release --build=x86_64-linux-gnu --host=x86_64-linux-gnu --target=x86_64-linux-gnu
Thread model: posix
gcc version 5.4.0 20160609 (Ubuntu 5.4.0-6ubuntu1~16.04.10) 
configure:3231: $? = 0
configure:3220: g++ -V >&5
g++: error: unrecognized command line option '-V'
g++: fatal error: no input files
compilation terminated.
configure:3231: $? = 1
configure:3220: g++ -qversion >&5
g++: error: unrecognized command line option '-qversion'
g++: fatal error: no input files
compilation terminated.
configure:3231: $? = 1
configure:3235: checking whether we are using the GNU C++ compiler
configure:3254: g++ -c   conftest.cpp >&5
configure:3254: $? = 0
configure:3263: result: yes
configure:3272: checking whether g++ accepts -g
configure:3292: g++ -c -g  conftest.cpp >&5
configure:3292: $? = 0
configure:3333: result: yes
configure:3372: checking build system type
configure:3386: result: x86_64-unknown-linux-gnu
configure:3406: checking host system type
configure:3419: result: x86_64-unknown-linux-gnu
configure:3439: checking target system type
configure:3452: result: x86_64-unknown-linux-gnu
configure:3479: checking type of operating system we're going to host on
configure:3491: result: 
configure:3502: checking llvm source dir
configure:3543: result: /home/sanghu/TracerX/llvm
configure:3546: checking llvm obj dir
configure:3548: result: /home/sanghu/TracerX/llvm
configure:3556: checking llvm package version
configure:3559: result: 3.4.2
configure:3564: checking llvm version major
configure:3567: result: 3
configure:3570: checking llvm version minor
configure:3573: result: 4
configure:3576: checking llvm is release version
configure:3584: result: 1
configure:3625: checking if LLVM needs C++11
configure:3632: result: no
configure:3674: checking llvm build mode
configure:3693: result: Release
configure:3698: checking llvm has asserts enabled
configure:3710: result: 0
configure:3714: checking LLVM Bitcode compiler
configure:3745: result: Found clang in LLVM Build
configure:3961: result: Using C llvm compiler : /home/sanghu/TracerX/llvm/Release/bin/clang
configure:3963: result: Using C++ llvm compiler : /home/sanghu/TracerX/llvm/Release/bin/clang++
configure:3969: checking C LLVM Bitcode compiler works
configure:3991: result: Success
configure:3969: checking CXX LLVM Bitcode compiler works
configure:3991: result: Success
configure:4027: Source timestamping disabled.
configure:4040: checking uclibc
configure:4064: result: /home/sanghu/TracerX/klee-uclibc/lib/libc.a
configure:4089: checking POSIX runtime
configure:4108: result: yes
configure:4137: checking runtime configuration
configure:4149: result: Release+Asserts
configure:4210: checking how to run the C preprocessor
configure:4241: gcc -E  conftest.c
configure:4241: $? = 0
configure:4255: gcc -E  conftest.c
conftest.c:15:28: fatal error: ac_nonexistent.h: No such file or directory
compilation terminated.
configure:4255: $? = 1
configure: failed program was:
| /* confdefs.h */
| #define PACKAGE_NAME "KLEE"
| #define PACKAGE_TARNAME "klee-"
| #define PACKAGE_VERSION "1.2.0"
| #define PACKAGE_STRING "KLEE 1.2.0"
| #define PACKAGE_BUGREPORT "klee-dev@imperial.ac.uk"
| #define PACKAGE_URL "https://klee.github.io"
| #define LLVM_VERSION_MAJOR 3
| #define LLVM_VERSION_MINOR 4
| #define LLVM_IS_RELEASE 1
| #define SUPPORT_KLEE_UCLIBC 1
| #define RUNTIME_CONFIGURATION "Release+Asserts"
| #define HAVE_CTYPE_EXTERNALS 1
| /* end confdefs.h.  */
| #include <ac_nonexistent.h>
configure:4280: result: gcc -E
configure:4300: gcc -E  conftest.c
configure:4300: $? = 0
configure:4314: gcc -E  conftest.c
conftest.c:15:28: fatal error: ac_nonexistent.h: No such file or directory
compilation terminated.
configure:4314: $? = 1
configure: failed program was:
| /* confdefs.h */
| #define PACKAGE_NAME "KLEE"
| #define PACKAGE_TARNAME "klee-"
| #define PACKAGE_VERSION "1.2.0"
| #define PACKAGE_STRING "KLEE 1.2.0"
| #define PACKAGE_BUGREPORT "klee-dev@imperial.ac.uk"
| #define PACKAGE_URL "https://klee.github.io"
| #define LLVM_VERSION_MAJOR 3
| #define LLVM_VERSION_MINOR 4
| #define LLVM_IS_RELEASE 1
| #define SUPPORT_KLEE_UCLIBC 1
| #define RUNTIME_CONFIGURATION "Release+Asserts"
| #define HAVE_CTYPE_EXTERNALS 1
| /* end confdefs.h.  */
| #include <ac_nonexistent.h>
configure:4343: checking for grep that handles long lines and -e
configure:4401: result: /bin/grep
configure:4406: checking for egrep
configure:4468: result: /bin/grep -E
configure:4473: checking for ANSI C header files
configure:4493: gcc -c -g -O2  conftest.c >&5
configure:4493: $? = 0
configure:4566: gcc -o conftest -g -O2  -L/home/sanghu/TracerX/minisat/build/release/lib/ conftest.c  >&5
configure:4566: $? = 0
configure:4566: ./conftest
configure:4566: $? = 0
configure:4577: result: yes
configure:4590: checking for sys/types.h
configure:4590: gcc -c -g -O2  conftest.c >&5
configure:4590: $? = 0
configure:4590: result: yes
configure:4590: checking for sys/stat.h
configure:4590: gcc -c -g -O2  conftest.c >&5
configure:4590: $? = 0
configure:4590: result: yes
configure:4590: checking for stdlib.h
configure:4590: gcc -c -g -O2  conftest.c >&5
configure:4590: $? = 0
configure:4590: result: yes
configure:4590: checking for string.h
configure:4590: gcc -c -g -O2  conftest.c >&5
configure:4590: $? = 0
configure:4590: result: yes
configure:4590: checking for memory.h
configure:4590: gcc -c -g -O2  conftest.c >&5
configure:4590: $? = 0
configure:4590: result: yes
configure:4590: checking for strings.h
configure:4590: gcc -c -g -O2  conftest.c >&5
configure:4590: $? = 0
configure:4590: result: yes
configure:4590: checking for inttypes.h
configure:4590: gcc -c -g -O2  conftest.c >&5
configure:4590: $? = 0
configure:4590: result: yes
configure:4590: checking for stdint.h
configure:4590: gcc -c -g -O2  conftest.c >&5
configure:4590: $? = 0
configure:4590: result: yes
configure:4590: checking for unistd.h
configure:4590: gcc -c -g -O2  conftest.c >&5
configure:4590: $? = 0
configure:4590: result: yes
configure:4604: checking sys/acl.h usability
configure:4604: gcc -c -g -O2  conftest.c >&5
conftest.c:58:21: fatal error: sys/acl.h: No such file or directory
compilation terminated.
configure:4604: $? = 1
configure: failed program was:
| /* confdefs.h */
| #define PACKAGE_NAME "KLEE"
| #define PACKAGE_TARNAME "klee-"
| #define PACKAGE_VERSION "1.2.0"
| #define PACKAGE_STRING "KLEE 1.2.0"
| #define PACKAGE_BUGREPORT "klee-dev@imperial.ac.uk"
| #define PACKAGE_URL "https://klee.github.io"
| #define LLVM_VERSION_MAJOR 3
| #define LLVM_VERSION_MINOR 4
| #define LLVM_IS_RELEASE 1
| #define SUPPORT_KLEE_UCLIBC 1
| #define RUNTIME_CONFIGURATION "Release+Asserts"
| #define HAVE_CTYPE_EXTERNALS 1
| #define STDC_HEADERS 1
| #define HAVE_SYS_TYPES_H 1
| #define HAVE_SYS_STAT_H 1
| #define HAVE_STDLIB_H 1
| #define HAVE_STRING_H 1
| #define HAVE_MEMORY_H 1
| #define HAVE_STRINGS_H 1
| #define HAVE_INTTYPES_H 1
| #define HAVE_STDINT_H 1
| #define HAVE_UNISTD_H 1
| /* end confdefs.h.  */
| #include <stdio.h>
| #ifdef HAVE_SYS_TYPES_H
| # include <sys/types.h>
| #endif
| #ifdef HAVE_SYS_STAT_H
| # include <sys/stat.h>
| #endif
| #ifdef STDC_HEADERS
| # include <stdlib.h>
| # include <stddef.h>
| #else
| # ifdef HAVE_STDLIB_H
| #  include <stdlib.h>
| # endif
| #endif
| #ifdef HAVE_STRING_H
| # if !defined STDC_HEADERS && defined HAVE_MEMORY_H
| #  include <memory.h>
| # endif
| # include <string.h>
| #endif
| #ifdef HAVE_STRINGS_H
| # include <strings.h>
| #endif
| #ifdef HAVE_INTTYPES_H
| # include <inttypes.h>
| #endif
| #ifdef HAVE_STDINT_H
| # include <stdint.h>
| #endif
| #ifdef HAVE_UNISTD_H
| # include <unistd.h>
| #endif
| #include <sys/acl.h>
configure:4604: result: no
configure:4604: checking sys/acl.h presence
configure:4604: gcc -E  conftest.c
conftest.c:25:21: fatal error: sys/acl.h: No such file or directory
compilation terminated.
configure:4604: $? = 1
configure: failed program was:
| /* confdefs.h */
| #define PACKAGE_NAME "KLEE"
| #define PACKAGE_TARNAME "klee-"
| #define PACKAGE_VERSION "1.2.0"
| #define PACKAGE_STRING "KLEE 1.2.0"
| #define PACKAGE_BUGREPORT "klee-dev@imperial.ac.uk"
| #define PACKAGE_URL "https://klee.github.io"
| #define LLVM_VERSION_MAJOR 3
| #define LLVM_VERSION_MINOR 4
| #define LLVM_IS_RELEASE 1
| #define SUPPORT_KLEE_UCLIBC 1
| #define RUNTIME_CONFIGURATION "Release+Asserts"
| #define HAVE_CTYPE_EXTERNALS 1
| #define STDC_HEADERS 1
| #define HAVE_SYS_TYPES_H 1
| #define HAVE_SYS_STAT_H 1
| #define HAVE_STDLIB_H 1
| #define HAVE_STRING_H 1
| #define HAVE_MEMORY_H 1
| #define HAVE_STRINGS_H 1
| #define HAVE_INTTYPES_H 1
| #define HAVE_STDINT_H 1
| #define HAVE_UNISTD_H 1
| /* end confdefs.h.  */
| #include <sys/acl.h>
configure:4604: result: no
configure:4604: checking for sys/acl.h
configure:4604: result: no
configure:4615: checking for cap_get_proc in -lcap
configure:4640: gcc -o conftest -g -O2  -L/home/sanghu/TracerX/minisat/build/release/lib/ conftest.c -lcap   >&5
configure:4640: $? = 0
configure:4649: result: yes
configure:4660: checking sys/capability.h usability
configure:4660: gcc -c -g -O2  conftest.c >&5
configure:4660: $? = 0
configure:4660: result: yes
configure:4660: checking sys/capability.h presence
configure:4660: gcc -E  conftest.c
configure:4660: $? = 0
configure:4660: result: yes
configure:4660: checking for sys/capability.h
configure:4660: result: yes
configure:4682: checking selinux/selinux.h usability
configure:4682: gcc -c -g -O2  conftest.c >&5
conftest.c:59:29: fatal error: selinux/selinux.h: No such file or directory
compilation terminated.
configure:4682: $? = 1
configure: failed program was:
| /* confdefs.h */
| #define PACKAGE_NAME "KLEE"
| #define PACKAGE_TARNAME "klee-"
| #define PACKAGE_VERSION "1.2.0"
| #define PACKAGE_STRING "KLEE 1.2.0"
| #define PACKAGE_BUGREPORT "klee-dev@imperial.ac.uk"
| #define PACKAGE_URL "https://klee.github.io"
| #define LLVM_VERSION_MAJOR 3
| #define LLVM_VERSION_MINOR 4
| #define LLVM_IS_RELEASE 1
| #define SUPPORT_KLEE_UCLIBC 1
| #define RUNTIME_CONFIGURATION "Release+Asserts"
| #define HAVE_CTYPE_EXTERNALS 1
| #define STDC_HEADERS 1
| #define HAVE_SYS_TYPES_H 1
| #define HAVE_SYS_STAT_H 1
| #define HAVE_STDLIB_H 1
| #define HAVE_STRING_H 1
| #define HAVE_MEMORY_H 1
| #define HAVE_STRINGS_H 1
| #define HAVE_INTTYPES_H 1
| #define HAVE_STDINT_H 1
| #define HAVE_UNISTD_H 1
| #define HAVE_SYS_CAPABILITY_H 1
| /* end confdefs.h.  */
| #include <stdio.h>
| #ifdef HAVE_SYS_TYPES_H
| # include <sys/types.h>
| #endif
| #ifdef HAVE_SYS_STAT_H
| # include <sys/stat.h>
| #endif
| #ifdef STDC_HEADERS
| # include <stdlib.h>
| # include <stddef.h>
| #else
| # ifdef HAVE_STDLIB_H
| #  include <stdlib.h>
| # endif
| #endif
| #ifdef HAVE_STRING_H
| # if !defined STDC_HEADERS && defined HAVE_MEMORY_H
| #  include <memory.h>
| # endif
| # include <string.h>
| #endif
| #ifdef HAVE_STRINGS_H
| # include <strings.h>
| #endif
| #ifdef HAVE_INTTYPES_H
| # include <inttypes.h>
| #endif
| #ifdef HAVE_STDINT_H
| # include <stdint.h>
| #endif
| #ifdef HAVE_UNISTD_H
| # include <unistd.h>
| #endif
| #include <selinux/selinux.h>
configure:4682: result: no
configure:4682: checking selinux/selinux.h presence
configure:4682: gcc -E  conftest.c
conftest.c:26:29: fatal error: selinux/selinux.h: No such file or directory
compilation terminated.
configure:4682: $? = 1
configure: failed program was:
| /* confdefs.h */
| #define PACKAGE_NAME "KLEE"
| #define PACKAGE_TARNAME "klee-"
| #define PACKAGE_VERSION "1.2.0"
| #define PACKAGE_STRING "KLEE 1.2.0"
| #define PACKAGE_BUGREPORT "klee-dev@imperial.ac.uk"
| #define PACKAGE_URL "https://klee.github.io"
| #define LLVM_VERSION_MAJOR 3
| #define LLVM_VERSION_MINOR 4
| #define LLVM_IS_RELEASE 1
| #define SUPPORT_KLEE_UCLIBC 1
| #define RUNTIME_CONFIGURATION "Release+Asserts"
| #define HAVE_CTYPE_EXTERNALS 1
| #define STDC_HEADERS 1
| #define HAVE_SYS_TYPES_H 1
| #define HAVE_SYS_STAT_H 1
| #define HAVE_STDLIB_H 1
| #define HAVE_STRING_H 1
| #define HAVE_MEMORY_H 1
| #define HAVE_STRINGS_H 1
| #define HAVE_INTTYPES_H 1
| #define HAVE_STDINT_H 1
| #define HAVE_UNISTD_H 1
| #define HAVE_SYS_CAPABILITY_H 1
| /* end confdefs.h.  */
| #include <selinux/selinux.h>
configure:4682: result: no
configure:4682: checking for selinux/selinux.h
configure:4682: result: no
configure:4750: checking how to run the C++ preprocessor
configure:4777: g++ -E  conftest.cpp
configure:4777: $? = 0
configure:4791: g++ -E  conftest.cpp
conftest.cpp:26:28: fatal error: ac_nonexistent.h: No such file or directory
compilation terminated.
configure:4791: $? = 1
configure: failed program was:
| /* confdefs.h */
| #define PACKAGE_NAME "KLEE"
| #define PACKAGE_TARNAME "klee-"
| #define PACKAGE_VERSION "1.2.0"
| #define PACKAGE_STRING "KLEE 1.2.0"
| #define PACKAGE_BUGREPORT "klee-dev@imperial.ac.uk"
| #define PACKAGE_URL "https://klee.github.io"
| #define LLVM_VERSION_MAJOR 3
| #define LLVM_VERSION_MINOR 4
| #define LLVM_IS_RELEASE 1
| #define SUPPORT_KLEE_UCLIBC 1
| #define RUNTIME_CONFIGURATION "Release+Asserts"
| #define HAVE_CTYPE_EXTERNALS 1
| #define STDC_HEADERS 1
| #define HAVE_SYS_TYPES_H 1
| #define HAVE_SYS_STAT_H 1
| #define HAVE_STDLIB_H 1
| #define HAVE_STRING_H 1
| #define HAVE_MEMORY_H 1
| #define HAVE_STRINGS_H 1
| #define HAVE_INTTYPES_H 1
| #define HAVE_STDINT_H 1
| #define HAVE_UNISTD_H 1
| #define HAVE_SYS_CAPABILITY_H 1
| /* end confdefs.h.  */
| #include <ac_nonexistent.h>
configure:4816: result: g++ -E
configure:4836: g++ -E  conftest.cpp
configure:4836: $? = 0
configure:4850: g++ -E  conftest.cpp
conftest.cpp:26:28: fatal error: ac_nonexistent.h: No such file or directory
compilation terminated.
configure:4850: $? = 1
configure: failed program was:
| /* confdefs.h */
| #define PACKAGE_NAME "KLEE"
| #define PACKAGE_TARNAME "klee-"
| #define PACKAGE_VERSION "1.2.0"
| #define PACKAGE_STRING "KLEE 1.2.0"
| #define PACKAGE_BUGREPORT "klee-dev@imperial.ac.uk"
| #define PACKAGE_URL "https://klee.github.io"
| #define LLVM_VERSION_MAJOR 3
| #define LLVM_VERSION_MINOR 4
| #define LLVM_IS_RELEASE 1
| #define SUPPORT_KLEE_UCLIBC 1
| #define RUNTIME_CONFIGURATION "Release+Asserts"
| #define HAVE_CTYPE_EXTERNALS 1
| #define STDC_HEADERS 1
| #define HAVE_SYS_TYPES_H 1
| #define HAVE_SYS_STAT_H 1
| #define HAVE_STDLIB_H 1
| #define HAVE_STRING_H 1
| #define HAVE_MEMORY_H 1
| #define HAVE_STRINGS_H 1
| #define HAVE_INTTYPES_H 1
| #define HAVE_STDINT_H 1
| #define HAVE_UNISTD_H 1
| #define HAVE_SYS_CAPABILITY_H 1
| /* end confdefs.h.  */
| #include <ac_nonexistent.h>
configure:4881: checking malloc/malloc.h usability
configure:4881: g++ -c -g -O2  conftest.cpp >&5
conftest.cpp:59:27: fatal error: malloc/malloc.h: No such file or directory
compilation terminated.
configure:4881: $? = 1
configure: failed program was:
| /* confdefs.h */
| #define PACKAGE_NAME "KLEE"
| #define PACKAGE_TARNAME "klee-"
| #define PACKAGE_VERSION "1.2.0"
| #define PACKAGE_STRING "KLEE 1.2.0"
| #define PACKAGE_BUGREPORT "klee-dev@imperial.ac.uk"
| #define PACKAGE_URL "https://klee.github.io"
| #define LLVM_VERSION_MAJOR 3
| #define LLVM_VERSION_MINOR 4
| #define LLVM_IS_RELEASE 1
| #define SUPPORT_KLEE_UCLIBC 1
| #define RUNTIME_CONFIGURATION "Release+Asserts"
| #define HAVE_CTYPE_EXTERNALS 1
| #define STDC_HEADERS 1
| #define HAVE_SYS_TYPES_H 1
| #define HAVE_SYS_STAT_H 1
| #define HAVE_STDLIB_H 1
| #define HAVE_STRING_H 1
| #define HAVE_MEMORY_H 1
| #define HAVE_STRINGS_H 1
| #define HAVE_INTTYPES_H 1
| #define HAVE_STDINT_H 1
| #define HAVE_UNISTD_H 1
| #define HAVE_SYS_CAPABILITY_H 1
| /* end confdefs.h.  */
| #include <stdio.h>
| #ifdef HAVE_SYS_TYPES_H
| # include <sys/types.h>
| #endif
| #ifdef HAVE_SYS_STAT_H
| # include <sys/stat.h>
| #endif
| #ifdef STDC_HEADERS
| # include <stdlib.h>
| # include <stddef.h>
| #else
| # ifdef HAVE_STDLIB_H
| #  include <stdlib.h>
| # endif
| #endif
| #ifdef HAVE_STRING_H
| # if !defined STDC_HEADERS && defined HAVE_MEMORY_H
| #  include <memory.h>
| # endif
| # include <string.h>
| #endif
| #ifdef HAVE_STRINGS_H
| # include <strings.h>
| #endif
| #ifdef HAVE_INTTYPES_H
| # include <inttypes.h>
| #endif
| #ifdef HAVE_STDINT_H
| # include <stdint.h>
| #endif
| #ifdef HAVE_UNISTD_H
| # include <unistd.h>
| #endif
| #include <malloc/malloc.h>
configure:4881: result: no
configure:4881: checking malloc/malloc.h presence
configure:4881: g++ -E  conftest.cpp
conftest.cpp:26:27: fatal error: malloc/malloc.h: No such file or directory
compilation terminated.
configure:4881: $? = 1
configure: failed program was:
| /* confdefs.h */
| #define PACKAGE_NAME "KLEE"
| #define PACKAGE_TARNAME "klee-"
| #define PACKAGE_VERSION "1.2.0"
| #define PACKAGE_STRING "KLEE 1.2.0"
| #define PACKAGE_BUGREPORT "klee-dev@imperial.ac.uk"
| #define PACKAGE_URL "https://klee.github.io"
| #define LLVM_VERSION_MAJOR 3
| #define LLVM_VERSION_MINOR 4
| #define LLVM_IS_RELEASE 1
| #define SUPPORT_KLEE_UCLIBC 1
| #define RUNTIME_CONFIGURATION "Release+Asserts"
| #define HAVE_CTYPE_EXTERNALS 1
| #define STDC_HEADERS 1
| #define HAVE_SYS_TYPES_H 1
| #define HAVE_SYS_STAT_H 1
| #define HAVE_STDLIB_H 1
| #define HAVE_STRING_H 1
| #define HAVE_MEMORY_H 1
| #define HAVE_STRINGS_H 1
| #define HAVE_INTTYPES_H 1
| #define HAVE_STDINT_H 1
| #define HAVE_UNISTD_H 1
| #define HAVE_SYS_CAPABILITY_H 1
| /* end confdefs.h.  */
| #include <malloc/malloc.h>
configure:4881: result: no
configure:4881: checking for malloc/malloc.h
configure:4881: result: no
configure:4893: checking for malloc_zone_statistics
configure:4893: g++ -o conftest -g -O2  -L/home/sanghu/TracerX/minisat/build/release/lib/ conftest.cpp  >&5
/tmp/ccHTyETY.o: In function `main':
/home/sanghu/TracerX/tracerx/conftest.cpp:60: undefined reference to `malloc_zone_statistics'
collect2: error: ld returned 1 exit status
configure:4893: $? = 1
configure: failed program was:
| /* confdefs.h */
| #define PACKAGE_NAME "KLEE"
| #define PACKAGE_TARNAME "klee-"
| #define PACKAGE_VERSION "1.2.0"
| #define PACKAGE_STRING "KLEE 1.2.0"
| #define PACKAGE_BUGREPORT "klee-dev@imperial.ac.uk"
| #define PACKAGE_URL "https://klee.github.io"
| #define LLVM_VERSION_MAJOR 3
| #define LLVM_VERSION_MINOR 4
| #define LLVM_IS_RELEASE 1
| #define SUPPORT_KLEE_UCLIBC 1
| #define RUNTIME_CONFIGURATION "Release+Asserts"
| #define HAVE_CTYPE_EXTERNALS 1
| #define STDC_HEADERS 1
| #define HAVE_SYS_TYPES_H 1
| #define HAVE_SYS_STAT_H 1
| #define HAVE_STDLIB_H 1
| #define HAVE_STRING_H 1
| #define HAVE_MEMORY_H 1
| #define HAVE_STRINGS_H 1
| #define HAVE_INTTYPES_H 1
| #define HAVE_STDINT_H 1
| #define HAVE_UNISTD_H 1
| #define HAVE_SYS_CAPABILITY_H 1
| /* end confdefs.h.  */
| /* Define malloc_zone_statistics to an innocuous variant, in case <limits.h> declares malloc_zone_statistics.
|    For example, HP-UX 11i <limits.h> declares gettimeofday.  */
| #define malloc_zone_statistics innocuous_malloc_zone_statistics
| 
| /* System header to define __stub macros and hopefully few prototypes,
|     which can conflict with char malloc_zone_statistics (); below.
|     Prefer <limits.h> to <assert.h> if __STDC__ is defined, since
|     <limits.h> exists even on freestanding compilers.  */
| 
| #ifdef __STDC__
| # include <limits.h>
| #else
| # include <assert.h>
| #endif
| 
| #undef malloc_zone_statistics
| 
| /* Override any GCC internal prototype to avoid an error.
|    Use char because int might match the return type of a GCC
|    builtin and then its argument prototype would still apply.  */
| #ifdef __cplusplus
| extern "C"
| #endif
| char malloc_zone_statistics ();
| /* The GNU C library defines this for functions which it implements
|     to always fail with ENOSYS.  Some functions are actually named
|     something starting with __ and the normal name is an alias.  */
| #if defined __stub_malloc_zone_statistics || defined __stub___malloc_zone_statistics
| choke me
| #endif
| 
| int
| main ()
| {
| return malloc_zone_statistics ();
|   ;
|   return 0;
| }
configure:4893: result: no
configure:4902: checking for library containing mallinfo
configure:4933: g++ -o conftest -g -O2  -L/home/sanghu/TracerX/minisat/build/release/lib/ conftest.cpp  >&5
configure:4933: $? = 0
configure:4950: result: none required
configure:4972: checking gperftools/malloc_extension.h usability
configure:4972: g++ -c -g -O2  conftest.cpp >&5
configure:4972: $? = 0
configure:4972: result: yes
configure:4972: checking gperftools/malloc_extension.h presence
configure:4972: g++ -E  conftest.cpp
configure:4972: $? = 0
configure:4972: result: yes
configure:4972: checking for gperftools/malloc_extension.h
configure:4972: result: yes
configure:4990: checking for library containing tc_malloc
configure:5021: g++ -o conftest -g -O2  -L/home/sanghu/TracerX/minisat/build/release/lib/ conftest.cpp  >&5
/tmp/cczTIBlb.o: In function `main':
/home/sanghu/TracerX/tracerx/conftest.cpp:39: undefined reference to `tc_malloc'
collect2: error: ld returned 1 exit status
configure:5021: $? = 1
configure: failed program was:
| /* confdefs.h */
| #define PACKAGE_NAME "KLEE"
| #define PACKAGE_TARNAME "klee-"
| #define PACKAGE_VERSION "1.2.0"
| #define PACKAGE_STRING "KLEE 1.2.0"
| #define PACKAGE_BUGREPORT "klee-dev@imperial.ac.uk"
| #define PACKAGE_URL "https://klee.github.io"
| #define LLVM_VERSION_MAJOR 3
| #define LLVM_VERSION_MINOR 4
| #define LLVM_IS_RELEASE 1
| #define SUPPORT_KLEE_UCLIBC 1
| #define RUNTIME_CONFIGURATION "Release+Asserts"
| #define HAVE_CTYPE_EXTERNALS 1
| #define STDC_HEADERS 1
| #define HAVE_SYS_TYPES_H 1
| #define HAVE_SYS_STAT_H 1
| #define HAVE_STDLIB_H 1
| #define HAVE_STRING_H 1
| #define HAVE_MEMORY_H 1
| #define HAVE_STRINGS_H 1
| #define HAVE_INTTYPES_H 1
| #define HAVE_STDINT_H 1
| #define HAVE_UNISTD_H 1
| #define HAVE_SYS_CAPABILITY_H 1
| #define HAVE_MALLINFO 1
| #define HAVE_GPERFTOOLS_MALLOC_EXTENSION_H 1
| /* end confdefs.h.  */
| 
| /* Override any GCC internal prototype to avoid an error.
|    Use char because int might match the return type of a GCC
|    builtin and then its argument prototype would still apply.  */
| #ifdef __cplusplus
| extern "C"
| #endif
| char tc_malloc ();
| int
| main ()
| {
| return tc_malloc ();
|   ;
|   return 0;
| }
configure:5021: g++ -o conftest -g -O2  -L/home/sanghu/TracerX/minisat/build/release/lib/ conftest.cpp -ltcmalloc_minimal   >&5
configure:5021: $? = 0
configure:5038: result: -ltcmalloc_minimal
configure:5085: checking zlib.h usability
configure:5085: g++ -c -g -O2  conftest.cpp >&5
configure:5085: $? = 0
configure:5085: result: yes
configure:5085: checking zlib.h presence
configure:5085: g++ -E  conftest.cpp
configure:5085: $? = 0
configure:5085: result: yes
configure:5085: checking for zlib.h
configure:5085: result: yes
configure:5103: checking for library containing deflateEnd
configure:5134: g++ -o conftest -g -O2  -L/home/sanghu/TracerX/minisat/build/release/lib/ conftest.cpp -ltcmalloc_minimal  >&5
/tmp/cchy9wLi.o: In function `main':
/home/sanghu/TracerX/tracerx/conftest.cpp:40: undefined reference to `deflateEnd'
collect2: error: ld returned 1 exit status
configure:5134: $? = 1
configure: failed program was:
| /* confdefs.h */
| #define PACKAGE_NAME "KLEE"
| #define PACKAGE_TARNAME "klee-"
| #define PACKAGE_VERSION "1.2.0"
| #define PACKAGE_STRING "KLEE 1.2.0"
| #define PACKAGE_BUGREPORT "klee-dev@imperial.ac.uk"
| #define PACKAGE_URL "https://klee.github.io"
| #define LLVM_VERSION_MAJOR 3
| #define LLVM_VERSION_MINOR 4
| #define LLVM_IS_RELEASE 1
| #define SUPPORT_KLEE_UCLIBC 1
| #define RUNTIME_CONFIGURATION "Release+Asserts"
| #define HAVE_CTYPE_EXTERNALS 1
| #define STDC_HEADERS 1
| #define HAVE_SYS_TYPES_H 1
| #define HAVE_SYS_STAT_H 1
| #define HAVE_STDLIB_H 1
| #define HAVE_STRING_H 1
| #define HAVE_MEMORY_H 1
| #define HAVE_STRINGS_H 1
| #define HAVE_INTTYPES_H 1
| #define HAVE_STDINT_H 1
| #define HAVE_UNISTD_H 1
| #define HAVE_SYS_CAPABILITY_H 1
| #define HAVE_MALLINFO 1
| #define HAVE_GPERFTOOLS_MALLOC_EXTENSION_H 1
| #define HAVE_ZLIB_H 1
| /* end confdefs.h.  */
| 
| /* Override any GCC internal prototype to avoid an error.
|    Use char because int might match the return type of a GCC
|    builtin and then its argument prototype would still apply.  */
| #ifdef __cplusplus
| extern "C"
| #endif
| char deflateEnd ();
| int
| main ()
| {
| return deflateEnd ();
|   ;
|   return 0;
| }
configure:5134: g++ -o conftest -g -O2  -L/home/sanghu/TracerX/minisat/build/release/lib/ conftest.cpp -lz  -ltcmalloc_minimal  >&5
configure:5134: $? = 0
configure:5151: result: -lz
configure:5214: checking stp/c_interface.h usability
configure:5214: g++ -c -g -O2  -I/home/sanghu/TracerX/stp/build/include conftest.cpp >&5
configure:5214: $? = 0
configure:5214: result: yes
configure:5214: checking stp/c_interface.h presence
configure:5214: g++ -E  -I/home/sanghu/TracerX/stp/build/include conftest.cpp
configure:5214: $? = 0
configure:5214: result: yes
configure:5214: checking for stp/c_interface.h
configure:5214: result: yes
configure:5226: checking for vc_setInterfaceFlags in -lstp
configure:5251: g++ -o conftest -g -O2  -I/home/sanghu/TracerX/stp/build/include -L/home/sanghu/TracerX/minisat/build/release/lib/ conftest.cpp -lstp -L/home/sanghu/TracerX/stp/build/lib -lz -ltcmalloc_minimal  >&5
/home/sanghu/TracerX/stp/build/lib/libstp.a(RunTimes.cpp.o): In function `RunTimes::getDifference[abi:cxx11]()':
RunTimes.cpp:(.text+0x2e9): undefined reference to `Minisat::memUsed()'
/home/sanghu/TracerX/stp/build/lib/libstp.a(RunTimes.cpp.o): In function `RunTimes::print()':
RunTimes.cpp:(.text+0xdb0): undefined reference to `Minisat::memUsed()'
/home/sanghu/TracerX/stp/build/lib/libstp.a(MinisatCore.cpp.o): In function `stp::MinisatCore::newVar()':
MinisatCore.cpp:(.text+0x113): undefined reference to `Minisat::Solver::newVar(Minisat::lbool, bool)'
/home/sanghu/TracerX/stp/build/lib/libstp.a(MinisatCore.cpp.o): In function `stp::MinisatCore::solve(bool&)':
MinisatCore.cpp:(.text+0x1f1): undefined reference to `Minisat::Solver::simplify()'
MinisatCore.cpp:(.text+0x21c): undefined reference to `Minisat::Solver::solve_()'
/home/sanghu/TracerX/stp/build/lib/libstp.a(MinisatCore.cpp.o): In function `stp::MinisatCore::MinisatCore()':
MinisatCore.cpp:(.text+0x341): undefined reference to `Minisat::Solver::Solver()'
/home/sanghu/TracerX/stp/build/lib/libstp.a(MinisatCore.cpp.o): In function `stp::MinisatCore::simplify()':
MinisatCore.cpp:(.text+0xf5): undefined reference to `Minisat::Solver::simplify()'
/home/sanghu/TracerX/stp/build/lib/libstp.a(MinisatCore.cpp.o): In function `stp::MinisatCore::addClause(stp::SATSolver::vec_literals const&)':
MinisatCore.cpp:(.text+0x2b9): undefined reference to `Minisat::Solver::addClause_(Minisat::vec<Minisat::Lit, int>&)'
/home/sanghu/TracerX/stp/build/lib/libstp.a(SimplifyingMinisat.cpp.o): In function `stp::SimplifyingMinisat::newVar()':
SimplifyingMinisat.cpp:(.text+0x103): undefined reference to `Minisat::SimpSolver::newVar(Minisat::lbool, bool)'
/home/sanghu/TracerX/stp/build/lib/libstp.a(SimplifyingMinisat.cpp.o): In function `stp::SimplifyingMinisat::solve(bool&)':
SimplifyingMinisat.cpp:(.text+0x1df): undefined reference to `Minisat::Solver::simplify()'
SimplifyingMinisat.cpp:(.text+0x213): undefined reference to `Minisat::SimpSolver::solve_(bool, bool)'
/home/sanghu/TracerX/stp/build/lib/libstp.a(SimplifyingMinisat.cpp.o): In function `stp::SimplifyingMinisat::SimplifyingMinisat()':
SimplifyingMinisat.cpp:(.text+0x331): undefined reference to `Minisat::SimpSolver::SimpSolver()'
/home/sanghu/TracerX/stp/build/lib/libstp.a(SimplifyingMinisat.cpp.o): In function `stp::SimplifyingMinisat::simplify()':
SimplifyingMinisat.cpp:(.text+0xe5): undefined reference to `Minisat::Solver::simplify()'
/home/sanghu/TracerX/stp/build/lib/libstp.a(SimplifyingMinisat.cpp.o): In function `stp::SimplifyingMinisat::addClause(stp::SATSolver::vec_literals const&)':
SimplifyingMinisat.cpp:(.text+0x2a9): undefined reference to `Minisat::SimpSolver::addClause_(Minisat::vec<Minisat::Lit, int>&)'
collect2: error: ld returned 1 exit status
configure:5251: $? = 1
configure: failed program was:
| /* confdefs.h */
| #define PACKAGE_NAME "KLEE"
| #define PACKAGE_TARNAME "klee-"
| #define PACKAGE_VERSION "1.2.0"
| #define PACKAGE_STRING "KLEE 1.2.0"
| #define PACKAGE_BUGREPORT "klee-dev@imperial.ac.uk"
| #define PACKAGE_URL "https://klee.github.io"
| #define LLVM_VERSION_MAJOR 3
| #define LLVM_VERSION_MINOR 4
| #define LLVM_IS_RELEASE 1
| #define SUPPORT_KLEE_UCLIBC 1
| #define RUNTIME_CONFIGURATION "Release+Asserts"
| #define HAVE_CTYPE_EXTERNALS 1
| #define STDC_HEADERS 1
| #define HAVE_SYS_TYPES_H 1
| #define HAVE_SYS_STAT_H 1
| #define HAVE_STDLIB_H 1
| #define HAVE_STRING_H 1
| #define HAVE_MEMORY_H 1
| #define HAVE_STRINGS_H 1
| #define HAVE_INTTYPES_H 1
| #define HAVE_STDINT_H 1
| #define HAVE_UNISTD_H 1
| #define HAVE_SYS_CAPABILITY_H 1
| #define HAVE_MALLINFO 1
| #define HAVE_GPERFTOOLS_MALLOC_EXTENSION_H 1
| #define HAVE_ZLIB_H 1
| /* end confdefs.h.  */
| 
| /* Override any GCC internal prototype to avoid an error.
|    Use char because int might match the return type of a GCC
|    builtin and then its argument prototype would still apply.  */
| #ifdef __cplusplus
| extern "C"
| #endif
| char vc_setInterfaceFlags ();
| int
| main ()
| {
| return vc_setInterfaceFlags ();
|   ;
|   return 0;
| }
configure:5260: result: no
configure:5266: result: Could not link with libstp
configure:5277: checking for vc_setInterfaceFlags in -lstp
configure:5302: g++ -o conftest -g -O2  -L/home/sanghu/TracerX/minisat/build/release/lib/ conftest.cpp -lstp -L/home/sanghu/TracerX/stp/build/lib -lminisat  -lz -ltcmalloc_minimal  >&5
configure:5302: $? = 0
configure:5311: result: yes
configure:5326: Using STP solver backend
configure:5369: checking z3.h usability
configure:5369: g++ -c -g -O2  -I/home/sanghu/TracerX/z3/build/include conftest.cpp >&5
configure:5369: $? = 0
configure:5369: result: yes
configure:5369: checking z3.h presence
configure:5369: g++ -E  -I/home/sanghu/TracerX/z3/build/include conftest.cpp
configure:5369: $? = 0
configure:5369: result: yes
configure:5369: checking for z3.h
configure:5369: result: yes
configure:5381: checking for Z3_mk_context in -lz3
configure:5406: g++ -o conftest -g -O2  -I/home/sanghu/TracerX/z3/build/include -L/home/sanghu/TracerX/minisat/build/release/lib/ conftest.cpp -lz3 -L/home/sanghu/TracerX/z3/build/lib -lz -ltcmalloc_minimal  >&5
configure:5406: $? = 0
configure:5415: result: yes
configure:5428: checking if Z3_get_error_msg() requires Z3_context
configure:5441: g++ -c -g -O2  -I/home/sanghu/TracerX/z3/build/include conftest.cpp >&5
configure:5441: $? = 0
configure:5452: result: yes
configure:5460: Using Z3 solver backend
configure:5485: Not using MetaSMT solver backend
configure:5742: creating ./config.status

## ---------------------- ##
## Running config.status. ##
## ---------------------- ##

This file was extended by KLEE config.status 1.2.0, which was
generated by GNU Autoconf 2.69.  Invocation command line was

  CONFIG_FILES    = 
  CONFIG_HEADERS  = 
  CONFIG_LINKS    = 
  CONFIG_COMMANDS = 
  $ ./config.status 

on paella2018

config.status:886: creating Makefile.config
config.status:886: creating docs/doxygen.cfg
config.status:886: creating include/klee/Config/config.h
config.status:1056: include/klee/Config/config.h is unchanged
config.status:1070: executing setup commands
config.status:1070: executing Makefile commands
config.status:1070: executing Makefile.common commands
config.status:1070: executing lib/Makefile commands
config.status:1070: executing runtime/Makefile commands
config.status:1070: executing test/Makefile commands
config.status:1070: executing test/Makefile.tests commands
config.status:1070: executing test/Concrete/Makefile commands
config.status:1070: executing tools/Makefile commands
config.status:1070: executing unittests/Makefile commands

## ---------------- ##
## Cache variables. ##
## ---------------- ##

ac_cv_build=x86_64-unknown-linux-gnu
ac_cv_c_compiler_gnu=yes
ac_cv_cxx_compiler_gnu=yes
ac_cv_env_CCC_set=
ac_cv_env_CCC_value=
ac_cv_env_CC_set=
ac_cv_env_CC_value=
ac_cv_env_CFLAGS_set=
ac_cv_env_CFLAGS_value=
ac_cv_env_CPPFLAGS_set=
ac_cv_env_CPPFLAGS_value=
ac_cv_env_CPP_set=
ac_cv_env_CPP_value=
ac_cv_env_CXXCPP_set=
ac_cv_env_CXXCPP_value=
ac_cv_env_CXXFLAGS_set=
ac_cv_env_CXXFLAGS_value=
ac_cv_env_CXX_set=
ac_cv_env_CXX_value=
ac_cv_env_LDFLAGS_set=set
ac_cv_env_LDFLAGS_value=-L/home/sanghu/TracerX/minisat/build/release/lib/
ac_cv_env_LIBS_set=
ac_cv_env_LIBS_value=
ac_cv_env_build_alias_set=
ac_cv_env_build_alias_value=
ac_cv_env_host_alias_set=
ac_cv_env_host_alias_value=
ac_cv_env_target_alias_set=
ac_cv_env_target_alias_value=
ac_cv_func_malloc_zone_statistics=no
ac_cv_header_gperftools_malloc_extension_h=yes
ac_cv_header_inttypes_h=yes
ac_cv_header_malloc_malloc_h=no
ac_cv_header_memory_h=yes
ac_cv_header_selinux_selinux_h=no
ac_cv_header_stdc=yes
ac_cv_header_stdint_h=yes
ac_cv_header_stdlib_h=yes
ac_cv_header_stp_c_interface_h=yes
ac_cv_header_string_h=yes
ac_cv_header_strings_h=yes
ac_cv_header_sys_acl_h=no
ac_cv_header_sys_capability_h=yes
ac_cv_header_sys_stat_h=yes
ac_cv_header_sys_types_h=yes
ac_cv_header_unistd_h=yes
ac_cv_header_z3_h=yes
ac_cv_header_zlib_h=yes
ac_cv_host=x86_64-unknown-linux-gnu
ac_cv_lib_cap_cap_get_proc=yes
ac_cv_lib_stp_vc_setInterfaceFlags=yes
ac_cv_lib_z3_Z3_mk_context=yes
ac_cv_objext=o
ac_cv_path_EGREP='/bin/grep -E'
ac_cv_path_GREP=/bin/grep
ac_cv_prog_CPP='gcc -E'
ac_cv_prog_CXXCPP='g++ -E'
ac_cv_prog_ac_ct_CC=gcc
ac_cv_prog_ac_ct_CXX=g++
ac_cv_prog_cc_c89=
ac_cv_prog_cc_g=yes
ac_cv_prog_cxx_g=yes
ac_cv_search_deflateEnd=-lz
ac_cv_search_mallinfo='none required'
ac_cv_search_tc_malloc=-ltcmalloc_minimal
ac_cv_target=x86_64-unknown-linux-gnu

## ----------------- ##
## Output variables. ##
## ----------------- ##

CC='gcc'
CFLAGS='-g -O2'
CPP='gcc -E'
CPPFLAGS=' -I/home/sanghu/TracerX/z3/build/include'
CXX='g++'
CXXCPP='g++ -E'
CXXFLAGS='-g -O2'
DEFS='-DHAVE_CONFIG_H'
ECHO_C=''
ECHO_N='-n'
ECHO_T=''
EGREP='/bin/grep -E'
ENABLE_METASMT='0'
ENABLE_POSIX_RUNTIME='1'
ENABLE_STP='1'
ENABLE_UCLIBC='1'
ENABLE_Z3='1'
EXEEXT=''
GREP='/bin/grep'
HAVE_SELINUX='0'
HAVE_TCMALLOC='1'
HAVE_ZLIB='1'
KLEE_BITCODE_CXX_COMPILER='/home/sanghu/TracerX/llvm/Release/bin/clang++'
KLEE_BITCODE_C_COMPILER='/home/sanghu/TracerX/llvm/Release/bin/clang'
KLEE_HOST_CXX_COMPILER='g++'
KLEE_HOST_C_COMPILER='gcc'
KLEE_UCLIBC_BCA='/home/sanghu/TracerX/klee-uclibc/lib/libc.a'
KLEE_USE_CXX11='0'
LDFLAGS='-L/home/sanghu/TracerX/minisat/build/release/lib/'
LIBOBJS=''
LIBS='-lz -ltcmalloc_minimal '
LLVM_BUILD_MODE='Release'
LLVM_IS_RELEASE='1'
LLVM_OBJ='/home/sanghu/TracerX/llvm'
LLVM_SRC='/home/sanghu/TracerX/llvm'
LLVM_VERSION_MAJOR='3'
LLVM_VERSION_MINOR='4'
LTLIBOBJS=''
METASMT_DEFAULT_BACKEND=''
METASMT_ROOT=''
OBJEXT='o'
PACKAGE_BUGREPORT='klee-dev@imperial.ac.uk'
PACKAGE_NAME='KLEE'
PACKAGE_STRING='KLEE 1.2.0'
PACKAGE_TARNAME='klee-'
PACKAGE_URL='https://klee.github.io'
PACKAGE_VERSION='1.2.0'
PATH_SEPARATOR=':'
REQUIRES_RTTI='0'
RUNTIME_CONFIGURATION=''
RUNTIME_DEBUG_SYMBOLS=''
RUNTIME_DISABLE_ASSERTIONS='0'
RUNTIME_ENABLE_OPTIMIZED='1'
SHELL='/bin/bash'
STP_CFLAGS='-I/home/sanghu/TracerX/stp/build/include'
STP_LDFLAGS='-L/home/sanghu/TracerX/stp/build/lib -lstp -lminisat'
TCMALLOC_LIB='-ltcmalloc_minimal'
Z3_CFLAGS='-I/home/sanghu/TracerX/z3/build/include'
Z3_LDFLAGS='-L/home/sanghu/TracerX/z3/build/lib -lz3'
ZLIB_LIB=''
ac_ct_CC='gcc'
ac_ct_CXX='g++'
bindir='${exec_prefix}/bin'
build='x86_64-unknown-linux-gnu'
build_alias=''
build_cpu='x86_64'
build_os='linux-gnu'
build_vendor='unknown'
clang=''
clang_cxx=''
datadir='${datarootdir}'
datarootdir='${prefix}/share'
docdir='${datarootdir}/doc/${PACKAGE_TARNAME}'
dvidir='${docdir}'
exec_prefix='${prefix}'
host='x86_64-unknown-linux-gnu'
host_alias=''
host_cpu='x86_64'
host_os='linux-gnu'
host_vendor='unknown'
htmldir='${docdir}'
includedir='${prefix}/include'
infodir='${datarootdir}/info'
libdir='${exec_prefix}/lib'
libexecdir='${exec_prefix}/libexec'
llvm_gcc=''
llvm_gxx=''
localedir='${datarootdir}/locale'
localstatedir='${prefix}/var'
mandir='${datarootdir}/man'
oldincludedir='/usr/include'
pdfdir='${docdir}'
prefix='/usr/local'
program_transform_name='s,x,x,'
psdir='${docdir}'
runstatedir='${localstatedir}/run'
sbindir='${exec_prefix}/sbin'
sharedstatedir='${prefix}/com'
sysconfdir='${prefix}/etc'
target='x86_64-unknown-linux-gnu'
target_alias=''
target_cpu='x86_64'
target_os='linux-gnu'
target_vendor='unknown'

## ----------- ##
## confdefs.h. ##
## ----------- ##

/* confdefs.h */
#define PACKAGE_NAME "KLEE"
#define PACKAGE_TARNAME "klee-"
#define PACKAGE_VERSION "1.2.0"
#define PACKAGE_STRING "KLEE 1.2.0"
#define PACKAGE_BUGREPORT "klee-dev@imperial.ac.uk"
#define PACKAGE_URL "https://klee.github.io"
#define LLVM_VERSION_MAJOR 3
#define LLVM_VERSION_MINOR 4
#define LLVM_IS_RELEASE 1
#define SUPPORT_KLEE_UCLIBC 1
#define RUNTIME_CONFIGURATION "Release+Asserts"
#define HAVE_CTYPE_EXTERNALS 1
#define STDC_HEADERS 1
#define HAVE_SYS_TYPES_H 1
#define HAVE_SYS_STAT_H 1
#define HAVE_STDLIB_H 1
#define HAVE_STRING_H 1
#define HAVE_MEMORY_H 1
#define HAVE_STRINGS_H 1
#define HAVE_INTTYPES_H 1
#define HAVE_STDINT_H 1
#define HAVE_UNISTD_H 1
#define HAVE_SYS_CAPABILITY_H 1
#define HAVE_MALLINFO 1
#define HAVE_GPERFTOOLS_MALLOC_EXTENSION_H 1
#define HAVE_ZLIB_H 1
#define ENABLE_STP 1
#define HAVE_Z3_GET_ERROR_MSG_NEEDS_CONTEXT 1
#define ENABLE_Z3 1

configure: exit 0
